build/app/intermediates/manifest_merge_blame_file/release/manifest-merger-blame-release-report.txt
1<?xml version="1.0" encoding="utf-8"?>
2<manifest xmlns:android="http://schemas.android.com/apk/res/android"
3    package="com.edentech.fuodz"
4    android:versionCode="10"
5    android:versionName="1.3.0" >
6
7    <uses-sdk
8        android:minSdkVersion="23"
8-->src\main\AndroidManifest.xml
9        android:targetSdkVersion="29" />
9-->src\main\AndroidManifest.xml
10
11    <uses-permission android:name="android.permission.INTERNET" />
11-->[:firebase_messaging] AndroidManifest.xml:7:5-67
11-->[:firebase_messaging] AndroidManifest.xml:7:22-64
12    <uses-permission android:name="android.permission.WAKE_LOCK" />
12-->[:firebase_messaging] AndroidManifest.xml:8:5-68
12-->[:firebase_messaging] AndroidManifest.xml:8:22-65
13    <uses-permission android:name="android.permission.ACCESS_NETWORK_STATE" />
13-->[:firebase_messaging] AndroidManifest.xml:9:5-79
13-->[:firebase_messaging] AndroidManifest.xml:9:22-76
14    <uses-permission android:name="android.permission.READ_EXTERNAL_STORAGE" />
14-->[:image_picker] AndroidManifest.xml:7:5-80
14-->[:image_picker] AndroidManifest.xml:7:22-77
15    <uses-permission android:name="android.permission.WRITE_EXTERNAL_STORAGE" />
15-->[:image_picker] AndroidManifest.xml:8:5-81
15-->[:image_picker] AndroidManifest.xml:8:22-78
16    <uses-permission android:name="android.permission.RECEIVE_BOOT_COMPLETED" />
16-->[:flutter_local_notifications] AndroidManifest.xml:7:5-81
16-->[:flutter_local_notifications] AndroidManifest.xml:7:22-78
17    <uses-permission android:name="android.permission.VIBRATE" />
17-->[:flutter_local_notifications] AndroidManifest.xml:8:5-66
17-->[:flutter_local_notifications] AndroidManifest.xml:8:22-63
18    <uses-permission android:name="android.permission.USE_FULL_SCREEN_INTENT" />
18-->[:flutter_local_notifications] AndroidManifest.xml:9:5-81
18-->[:flutter_local_notifications] AndroidManifest.xml:9:22-78
19
20    <queries>
20-->[:map_launcher] AndroidManifest.xml:7:5-20:15
21        <package android:name="com.google.android.apps.maps" />
21-->[:map_launcher] AndroidManifest.xml:8:9-64
21-->[:map_launcher] AndroidManifest.xml:8:18-61
22        <package android:name="com.google.android.apps.mapslite" />
22-->[:map_launcher] AndroidManifest.xml:9:9-68
22-->[:map_launcher] AndroidManifest.xml:9:18-65
23        <package android:name="com.autonavi.minimap" />
23-->[:map_launcher] AndroidManifest.xml:10:9-56
23-->[:map_launcher] AndroidManifest.xml:10:18-53
24        <package android:name="com.baidu.BaiduMap" />
24-->[:map_launcher] AndroidManifest.xml:11:9-54
24-->[:map_launcher] AndroidManifest.xml:11:18-51
25        <package android:name="com.waze" />
25-->[:map_launcher] AndroidManifest.xml:12:9-44
25-->[:map_launcher] AndroidManifest.xml:12:18-41
26        <package android:name="ru.yandex.yandexnavi" />
26-->[:map_launcher] AndroidManifest.xml:13:9-56
26-->[:map_launcher] AndroidManifest.xml:13:18-53
27        <package android:name="ru.yandex.yandexmaps" />
27-->[:map_launcher] AndroidManifest.xml:14:9-56
27-->[:map_launcher] AndroidManifest.xml:14:18-53
28        <package android:name="com.citymapper.app.release" />
28-->[:map_launcher] AndroidManifest.xml:15:9-62
28-->[:map_launcher] AndroidManifest.xml:15:18-59
29        <package android:name="com.mapswithme.maps.pro" />
29-->[:map_launcher] AndroidManifest.xml:16:9-59
29-->[:map_launcher] AndroidManifest.xml:16:18-56
30        <package android:name="net.osmand" />
30-->[:map_launcher] AndroidManifest.xml:17:9-46
30-->[:map_launcher] AndroidManifest.xml:17:18-43
31        <package android:name="ru.dublgis.dgismobile" />
31-->[:map_launcher] AndroidManifest.xml:18:9-57
31-->[:map_launcher] AndroidManifest.xml:18:18-54
32        <package android:name="com.tencent.map" />
32-->[:map_launcher] AndroidManifest.xml:19:9-51
32-->[:map_launcher] AndroidManifest.xml:19:18-48
33    </queries>
34
35    <uses-permission android:name="android.permission.ACCESS_MEDIA_LOCATION" />
35-->[:photo_manager] AndroidManifest.xml:9:5-80
35-->[:photo_manager] AndroidManifest.xml:9:22-77
36    <uses-permission android:name="android.permission.ACCESS_COARSE_LOCATION" />
36-->[:location] AndroidManifest.xml:7:5-81
36-->[:location] AndroidManifest.xml:7:22-78
37    <uses-permission android:name="android.permission.ACCESS_FINE_LOCATION" /> <!-- Required by older versions of Google Play services to create IID tokens -->
37-->[:location] AndroidManifest.xml:8:5-79
37-->[:location] AndroidManifest.xml:8:22-76
38    <uses-permission android:name="com.google.android.c2dm.permission.RECEIVE" />
38-->[com.google.firebase:firebase-iid:21.0.1] AndroidManifest.xml:26:5-82
38-->[com.google.firebase:firebase-iid:21.0.1] AndroidManifest.xml:26:22-79
39
40    <uses-feature
40-->[com.google.android.gms:play-services-maps:17.0.0] AndroidManifest.xml:26:5-28:35
41        android:glEsVersion="0x00020000"
41-->[com.google.android.gms:play-services-maps:17.0.0] AndroidManifest.xml:27:9-41
42        android:required="true" /> <!-- Permission will be merged into the manifest of the hosting app. -->
42-->[com.google.android.gms:play-services-maps:17.0.0] AndroidManifest.xml:28:9-32
43    <!-- Is required to launch foreground extraction service for targetSdkVersion 28+. -->
44    <uses-permission android:name="android.permission.FOREGROUND_SERVICE" />
44-->[com.google.android.play:core:1.8.2] AndroidManifest.xml:8:3-74
44-->[com.google.android.play:core:1.8.2] AndroidManifest.xml:8:20-72
45
46    <application
46-->src\main\AndroidManifest.xml:12:5-71:19
47        android:name="io.flutter.app.FlutterApplication"
47-->src\main\AndroidManifest.xml:13:9-57
48        android:appComponentFactory="androidx.core.app.CoreComponentFactory"
48-->[androidx.core:core:1.3.2] AndroidManifest.xml:24:18-86
49        android:extractNativeLibs="false"
50        android:icon="@mipmap/launcher_icon"
50-->src\main\AndroidManifest.xml:17:9-45
51        android:label="Fuodz"
51-->src\main\AndroidManifest.xml:14:9-30
52        android:requestLegacyExternalStorage="true"
52-->src\main\AndroidManifest.xml:16:9-52
53        android:usesCleartextTraffic="true" >
53-->src\main\AndroidManifest.xml:15:9-44
54        <activity
54-->src\main\AndroidManifest.xml:19:9-62:20
55            android:name="com.edentech.fuodz.MainActivity"
55-->src\main\AndroidManifest.xml:20:13-41
56            android:configChanges="orientation|keyboardHidden|keyboard|screenSize|smallestScreenSize|locale|layoutDirection|fontScale|screenLayout|density|uiMode"
56-->src\main\AndroidManifest.xml:23:13-163
57            android:hardwareAccelerated="true"
57-->src\main\AndroidManifest.xml:24:13-47
58            android:launchMode="singleTop"
58-->src\main\AndroidManifest.xml:21:13-43
59            android:theme="@style/LaunchTheme"
59-->src\main\AndroidManifest.xml:22:13-47
60            android:windowSoftInputMode="adjustResize" >
60-->src\main\AndroidManifest.xml:25:13-55
61
62            <!--
63                 Specifies an Android theme to apply to this Activity as soon as
64                 the Android process has started. This theme is visible to the user
65                 while the Flutter UI initializes. After that, this theme continues
66                 to determine the Window background behind the Flutter UI.
67            -->
68            <meta-data
68-->src\main\AndroidManifest.xml:30:13-33:17
69                android:name="io.flutter.embedding.android.NormalTheme"
69-->src\main\AndroidManifest.xml:31:15-70
70                android:resource="@style/NormalTheme" />
70-->src\main\AndroidManifest.xml:32:15-52
71            <!--
72                 Displays an Android View that continues showing the launch screen
73                 Drawable until Flutter paints its first frame, then this splash
74                 screen fades out. A splash screen is useful to avoid any visual
75                 gap between the end of Android's launch screen and the painting of
76                 Flutter's first frame.
77            -->
78            <meta-data
78-->src\main\AndroidManifest.xml:39:13-42:17
79                android:name="io.flutter.embedding.android.SplashScreenDrawable"
79-->src\main\AndroidManifest.xml:40:15-79
80                android:resource="@drawable/launch_background" />
80-->src\main\AndroidManifest.xml:41:15-61
81
82            <!-- Firebase notification -->
83            <meta-data
83-->src\main\AndroidManifest.xml:45:13-47:58
84                android:name="com.google.firebase.messaging.default_notification_channel_id"
84-->src\main\AndroidManifest.xml:46:17-93
85                android:value="high_importance_channel" />
85-->src\main\AndroidManifest.xml:47:17-56
86            <meta-data
86-->src\main\AndroidManifest.xml:49:13-51:64
87                android:name="com.google.firebase.messaging.default_notification_icon"
87-->src\main\AndroidManifest.xml:50:17-87
88                android:resource="@mipmap/notification_icon" />
88-->src\main\AndroidManifest.xml:51:17-61
89
90            <intent-filter>
90-->src\main\AndroidManifest.xml:53:13-56:29
91                <action android:name="android.intent.action.MAIN" />
91-->src\main\AndroidManifest.xml:54:17-68
91-->src\main\AndroidManifest.xml:54:25-66
92
93                <category android:name="android.intent.category.LAUNCHER" />
93-->src\main\AndroidManifest.xml:55:17-76
93-->src\main\AndroidManifest.xml:55:27-74
94            </intent-filter>
95            <intent-filter>
95-->src\main\AndroidManifest.xml:58:13-61:29
96                <action android:name="FLUTTER_NOTIFICATION_CLICK" />
96-->src\main\AndroidManifest.xml:59:17-69
96-->src\main\AndroidManifest.xml:59:25-66
97
98                <category android:name="android.intent.category.DEFAULT" />
98-->src\main\AndroidManifest.xml:60:17-76
98-->src\main\AndroidManifest.xml:60:27-73
99            </intent-filter>
100        </activity>
101        <!--
102             Don't delete the meta-data below.
103             This is used by the Flutter tool to generate GeneratedPluginRegistrant.java
104        -->
105        <meta-data
105-->src\main\AndroidManifest.xml:65:9-67:33
106            android:name="flutterEmbedding"
106-->src\main\AndroidManifest.xml:66:13-44
107            android:value="2" />
107-->src\main\AndroidManifest.xml:67:13-30
108        <meta-data
108-->src\main\AndroidManifest.xml:69:9-70:73
109            android:name="com.google.android.geo.API_KEY"
109-->src\main\AndroidManifest.xml:69:20-65
110            android:value="AIzaSyCpC_EvzUOBP8LxwaEU75dtoP8_hIIfPlM" />
110-->src\main\AndroidManifest.xml:70:16-71
111
112        <service
112-->[:firebase_messaging] AndroidManifest.xml:12:9-15:72
113            android:name="io.flutter.plugins.firebase.messaging.FlutterFirebaseMessagingBackgroundService"
113-->[:firebase_messaging] AndroidManifest.xml:13:13-107
114            android:exported="false"
114-->[:firebase_messaging] AndroidManifest.xml:14:13-37
115            android:permission="android.permission.BIND_JOB_SERVICE" />
115-->[:firebase_messaging] AndroidManifest.xml:15:13-69
116        <service
116-->[:firebase_messaging] AndroidManifest.xml:16:9-22:19
117            android:name="io.flutter.plugins.firebase.messaging.FlutterFirebaseMessagingService"
117-->[:firebase_messaging] AndroidManifest.xml:17:13-97
118            android:exported="false" >
118-->[:firebase_messaging] AndroidManifest.xml:18:13-37
119            <intent-filter>
119-->[:firebase_messaging] AndroidManifest.xml:19:13-21:29
120                <action android:name="com.google.firebase.MESSAGING_EVENT" />
120-->[:firebase_messaging] AndroidManifest.xml:20:17-78
120-->[:firebase_messaging] AndroidManifest.xml:20:25-75
121            </intent-filter>
122        </service>
123
124        <receiver
124-->[:firebase_messaging] AndroidManifest.xml:24:9-31:20
125            android:name="io.flutter.plugins.firebase.messaging.FlutterFirebaseMessagingReceiver"
125-->[:firebase_messaging] AndroidManifest.xml:25:13-98
126            android:exported="true"
126-->[:firebase_messaging] AndroidManifest.xml:26:13-36
127            android:permission="com.google.android.c2dm.permission.SEND" >
127-->[:firebase_messaging] AndroidManifest.xml:27:13-73
128            <intent-filter>
128-->[:firebase_messaging] AndroidManifest.xml:28:13-30:29
129                <action android:name="com.google.android.c2dm.intent.RECEIVE" />
129-->[:firebase_messaging] AndroidManifest.xml:29:17-81
129-->[:firebase_messaging] AndroidManifest.xml:29:25-78
130            </intent-filter>
131        </receiver>
132
133        <service
133-->[:firebase_messaging] AndroidManifest.xml:33:9-37:19
134            android:name="com.google.firebase.components.ComponentDiscoveryService"
134-->[:firebase_messaging] AndroidManifest.xml:33:18-89
135            android:directBootAware="true"
135-->[com.google.firebase:firebase-common:19.5.0] AndroidManifest.xml:35:13-43
136            android:exported="false" >
136-->[com.google.firebase:firebase-messaging-ktx:21.0.1] AndroidManifest.xml:28:13-37
137            <meta-data
137-->[:firebase_messaging] AndroidManifest.xml:34:13-36:85
138                android:name="com.google.firebase.components:io.flutter.plugins.firebase.messaging.FlutterFirebaseAppRegistrar"
138-->[:firebase_messaging] AndroidManifest.xml:35:17-128
139                android:value="com.google.firebase.components.ComponentRegistrar" />
139-->[:firebase_messaging] AndroidManifest.xml:36:17-82
140            <meta-data
140-->[:cloud_firestore] AndroidManifest.xml:9:13-11:85
141                android:name="com.google.firebase.components:io.flutter.plugins.firebase.firestore.FlutterFirebaseFirestoreRegistrar"
141-->[:cloud_firestore] AndroidManifest.xml:10:17-134
142                android:value="com.google.firebase.components.ComponentRegistrar" />
142-->[:cloud_firestore] AndroidManifest.xml:11:17-82
143            <meta-data
143-->[:firebase_auth] AndroidManifest.xml:9:13-11:85
144                android:name="com.google.firebase.components:io.flutter.plugins.firebase.auth.FlutterFirebaseAuthRegistrar"
144-->[:firebase_auth] AndroidManifest.xml:10:17-124
145                android:value="com.google.firebase.components.ComponentRegistrar" />
145-->[:firebase_auth] AndroidManifest.xml:11:17-82
146            <meta-data
146-->[:firebase_storage] AndroidManifest.xml:9:13-11:85
147                android:name="com.google.firebase.components:io.flutter.plugins.firebase.storage.FlutterFirebaseAppRegistrar"
147-->[:firebase_storage] AndroidManifest.xml:10:17-126
148                android:value="com.google.firebase.components.ComponentRegistrar" />
148-->[:firebase_storage] AndroidManifest.xml:11:17-82
149            <meta-data
149-->[:firebase_core] AndroidManifest.xml:9:13-11:85
150                android:name="com.google.firebase.components:io.flutter.plugins.firebase.core.FlutterFirebaseCoreRegistrar"
150-->[:firebase_core] AndroidManifest.xml:10:17-124
151                android:value="com.google.firebase.components.ComponentRegistrar" />
151-->[:firebase_core] AndroidManifest.xml:11:17-82
152            <meta-data
152-->[com.google.firebase:firebase-messaging-ktx:21.0.1] AndroidManifest.xml:29:13-31:85
153                android:name="com.google.firebase.components:com.google.firebase.messaging.ktx.FirebaseMessagingKtxRegistrar"
153-->[com.google.firebase:firebase-messaging-ktx:21.0.1] AndroidManifest.xml:30:17-126
154                android:value="com.google.firebase.components.ComponentRegistrar" />
154-->[com.google.firebase:firebase-messaging-ktx:21.0.1] AndroidManifest.xml:31:17-82
155            <meta-data
155-->[com.google.firebase:firebase-auth-ktx:20.0.4] AndroidManifest.xml:11:13-13:85
156                android:name="com.google.firebase.components:com.google.firebase.auth.ktx.FirebaseAuthKtxRegistrar"
156-->[com.google.firebase:firebase-auth-ktx:20.0.4] AndroidManifest.xml:12:17-116
157                android:value="com.google.firebase.components.ComponentRegistrar" />
157-->[com.google.firebase:firebase-auth-ktx:20.0.4] AndroidManifest.xml:13:17-82
158            <meta-data
158-->[com.google.firebase:firebase-common-ktx:19.5.0] AndroidManifest.xml:15:13-17:85
159                android:name="com.google.firebase.components:com.google.firebase.ktx.FirebaseCommonKtxRegistrar"
159-->[com.google.firebase:firebase-common-ktx:19.5.0] AndroidManifest.xml:16:17-113
160                android:value="com.google.firebase.components.ComponentRegistrar" />
160-->[com.google.firebase:firebase-common-ktx:19.5.0] AndroidManifest.xml:17:17-82
161            <meta-data
161-->[com.google.firebase:firebase-firestore:22.0.1] AndroidManifest.xml:20:13-22:85
162                android:name="com.google.firebase.components:com.google.firebase.firestore.FirestoreRegistrar"
162-->[com.google.firebase:firebase-firestore:22.0.1] AndroidManifest.xml:21:17-111
163                android:value="com.google.firebase.components.ComponentRegistrar" />
163-->[com.google.firebase:firebase-firestore:22.0.1] AndroidManifest.xml:22:17-82
164            <meta-data
164-->[com.google.firebase:firebase-auth:20.0.4] AndroidManifest.xml:77:13-79:85
165                android:name="com.google.firebase.components:com.google.firebase.auth.FirebaseAuthRegistrar"
165-->[com.google.firebase:firebase-auth:20.0.4] AndroidManifest.xml:78:17-109
166                android:value="com.google.firebase.components.ComponentRegistrar" />
166-->[com.google.firebase:firebase-auth:20.0.4] AndroidManifest.xml:79:17-82
167            <meta-data
167-->[com.google.firebase:firebase-messaging:21.0.1] AndroidManifest.xml:39:13-41:85
168                android:name="com.google.firebase.components:com.google.firebase.messaging.FirebaseMessagingRegistrar"
168-->[com.google.firebase:firebase-messaging:21.0.1] AndroidManifest.xml:40:17-119
169                android:value="com.google.firebase.components.ComponentRegistrar" />
169-->[com.google.firebase:firebase-messaging:21.0.1] AndroidManifest.xml:41:17-82
170            <meta-data
170-->[com.google.firebase:firebase-storage:19.2.1] AndroidManifest.xml:33:13-35:85
171                android:name="com.google.firebase.components:com.google.firebase.storage.StorageRegistrar"
171-->[com.google.firebase:firebase-storage:19.2.1] AndroidManifest.xml:34:17-107
172                android:value="com.google.firebase.components.ComponentRegistrar" />
172-->[com.google.firebase:firebase-storage:19.2.1] AndroidManifest.xml:35:17-82
173            <meta-data
173-->[com.google.firebase:firebase-datatransport:17.0.10] AndroidManifest.xml:28:13-30:85
174                android:name="com.google.firebase.components:com.google.firebase.datatransport.TransportRegistrar"
174-->[com.google.firebase:firebase-datatransport:17.0.10] AndroidManifest.xml:29:17-115
175                android:value="com.google.firebase.components.ComponentRegistrar" />
175-->[com.google.firebase:firebase-datatransport:17.0.10] AndroidManifest.xml:30:17-82
176            <meta-data
176-->[com.google.firebase:firebase-iid:21.0.1] AndroidManifest.xml:32:13-34:85
177                android:name="com.google.firebase.components:com.google.firebase.iid.Registrar"
177-->[com.google.firebase:firebase-iid:21.0.1] AndroidManifest.xml:33:17-96
178                android:value="com.google.firebase.components.ComponentRegistrar" />
178-->[com.google.firebase:firebase-iid:21.0.1] AndroidManifest.xml:34:17-82
179            <meta-data
179-->[com.google.firebase:firebase-installations:16.3.5] AndroidManifest.xml:18:13-20:85
180                android:name="com.google.firebase.components:com.google.firebase.installations.FirebaseInstallationsRegistrar"
180-->[com.google.firebase:firebase-installations:16.3.5] AndroidManifest.xml:19:17-127
181                android:value="com.google.firebase.components.ComponentRegistrar" />
181-->[com.google.firebase:firebase-installations:16.3.5] AndroidManifest.xml:20:17-82
182            <!--
183                This registrar is not defined in the dynamic-module-support sdk itself to allow non-firebase
184                clients to use it as well, by defining this registrar in their own core/common library.
185            -->
186            <meta-data
186-->[com.google.firebase:firebase-common:19.5.0] AndroidManifest.xml:43:13-45:85
187                android:name="com.google.firebase.components:com.google.firebase.dynamicloading.DynamicLoadingRegistrar"
187-->[com.google.firebase:firebase-common:19.5.0] AndroidManifest.xml:44:17-121
188                android:value="com.google.firebase.components.ComponentRegistrar" />
188-->[com.google.firebase:firebase-common:19.5.0] AndroidManifest.xml:45:17-82
189        </service>
190
191        <provider
191-->[:firebase_messaging] AndroidManifest.xml:39:9-43:38
192            android:name="io.flutter.plugins.firebase.messaging.FlutterFirebaseMessagingInitProvider"
192-->[:firebase_messaging] AndroidManifest.xml:40:13-102
193            android:authorities="com.edentech.fuodz.flutterfirebasemessaginginitprovider"
193-->[:firebase_messaging] AndroidManifest.xml:41:13-88
194            android:exported="false"
194-->[:firebase_messaging] AndroidManifest.xml:42:13-37
195            android:initOrder="99" />
195-->[:firebase_messaging] AndroidManifest.xml:43:13-35
196        <provider
196-->[:image_picker] AndroidManifest.xml:11:9-19:20
197            android:name="io.flutter.plugins.imagepicker.ImagePickerFileProvider"
197-->[:image_picker] AndroidManifest.xml:12:13-82
198            android:authorities="com.edentech.fuodz.flutter.image_provider"
198-->[:image_picker] AndroidManifest.xml:13:13-74
199            android:exported="false"
199-->[:image_picker] AndroidManifest.xml:14:13-37
200            android:grantUriPermissions="true" >
200-->[:image_picker] AndroidManifest.xml:15:13-47
201            <meta-data
201-->[:image_picker] AndroidManifest.xml:16:13-18:75
202                android:name="android.support.FILE_PROVIDER_PATHS"
202-->[:image_picker] AndroidManifest.xml:17:17-67
203                android:resource="@xml/flutter_image_picker_file_paths" />
203-->[:image_picker] AndroidManifest.xml:18:17-72
204        </provider>
205
206        <receiver android:name="com.dexterous.flutterlocalnotifications.ScheduledNotificationReceiver" />
206-->[:flutter_local_notifications] AndroidManifest.xml:12:9-106
206-->[:flutter_local_notifications] AndroidManifest.xml:12:19-103
207        <receiver android:name="com.dexterous.flutterlocalnotifications.ScheduledNotificationBootReceiver" >
207-->[:flutter_local_notifications] AndroidManifest.xml:13:9-20:20
207-->[:flutter_local_notifications] AndroidManifest.xml:13:19-107
208            <intent-filter>
208-->[:flutter_local_notifications] AndroidManifest.xml:14:13-19:29
209                <action android:name="android.intent.action.BOOT_COMPLETED" />
209-->[:flutter_local_notifications] AndroidManifest.xml:15:17-79
209-->[:flutter_local_notifications] AndroidManifest.xml:15:25-76
210                <action android:name="android.intent.action.MY_PACKAGE_REPLACED" />
210-->[:flutter_local_notifications] AndroidManifest.xml:16:17-84
210-->[:flutter_local_notifications] AndroidManifest.xml:16:25-81
211                <action android:name="android.intent.action.QUICKBOOT_POWERON" />
211-->[:flutter_local_notifications] AndroidManifest.xml:17:17-82
211-->[:flutter_local_notifications] AndroidManifest.xml:17:25-79
212                <action android:name="com.htc.intent.action.QUICKBOOT_POWERON" />
212-->[:flutter_local_notifications] AndroidManifest.xml:18:17-82
212-->[:flutter_local_notifications] AndroidManifest.xml:18:25-79
213            </intent-filter>
214        </receiver>
215
216        <provider
216-->[:flutter_webview_plugin] AndroidManifest.xml:9:9-18:20
217            android:name="androidx.core.content.FileProvider"
217-->[:flutter_webview_plugin] AndroidManifest.xml:10:13-62
218            android:authorities="com.edentech.fuodz.fileprovider"
218-->[:flutter_webview_plugin] AndroidManifest.xml:11:13-64
219            android:exported="false"
219-->[:flutter_webview_plugin] AndroidManifest.xml:12:13-37
220            android:grantUriPermissions="true" >
220-->[:flutter_webview_plugin] AndroidManifest.xml:13:13-47
221            <meta-data
221-->[:image_picker] AndroidManifest.xml:16:13-18:75
222                android:name="android.support.FILE_PROVIDER_PATHS"
222-->[:image_picker] AndroidManifest.xml:17:17-67
223                android:resource="@xml/filepaths" />
223-->[:image_picker] AndroidManifest.xml:18:17-72
224        </provider>
225        <provider
225-->[:share] AndroidManifest.xml:8:9-16:20
226            android:name="io.flutter.plugins.share.ShareFileProvider"
226-->[:share] AndroidManifest.xml:9:13-70
227            android:authorities="com.edentech.fuodz.flutter.share_provider"
227-->[:share] AndroidManifest.xml:10:13-74
228            android:exported="false"
228-->[:share] AndroidManifest.xml:11:13-37
229            android:grantUriPermissions="true" >
229-->[:share] AndroidManifest.xml:12:13-47
230            <meta-data
230-->[:image_picker] AndroidManifest.xml:16:13-18:75
231                android:name="android.support.FILE_PROVIDER_PATHS"
231-->[:image_picker] AndroidManifest.xml:17:17-67
232                android:resource="@xml/flutter_share_file_paths" />
232-->[:image_picker] AndroidManifest.xml:18:17-72
233        </provider>
234
235        <activity
235-->[:url_launcher] AndroidManifest.xml:8:9-11:74
236            android:name="io.flutter.plugins.urllauncher.WebViewActivity"
236-->[:url_launcher] AndroidManifest.xml:9:13-74
237            android:exported="false"
237-->[:url_launcher] AndroidManifest.xml:10:13-37
238            android:theme="@android:style/Theme.NoTitleBar.Fullscreen" />
238-->[:url_launcher] AndroidManifest.xml:11:13-71
239
240        <service
240-->[:location] AndroidManifest.xml:11:9-15:56
241            android:name="com.lyokone.location.FlutterLocationService"
241-->[:location] AndroidManifest.xml:12:13-71
242            android:enabled="true"
242-->[:location] AndroidManifest.xml:13:13-35
243            android:exported="false"
243-->[:location] AndroidManifest.xml:14:13-37
244            android:foregroundServiceType="location" />
244-->[:location] AndroidManifest.xml:15:13-53
245
246        <activity
246-->[com.google.firebase:firebase-auth:20.0.4] AndroidManifest.xml:27:9-44:20
247            android:name="com.google.firebase.auth.internal.GenericIdpActivity"
247-->[com.google.firebase:firebase-auth:20.0.4] AndroidManifest.xml:28:13-80
248            android:excludeFromRecents="true"
248-->[com.google.firebase:firebase-auth:20.0.4] AndroidManifest.xml:29:13-46
249            android:exported="true"
249-->[com.google.firebase:firebase-auth:20.0.4] AndroidManifest.xml:30:13-36
250            android:launchMode="singleTask"
250-->[com.google.firebase:firebase-auth:20.0.4] AndroidManifest.xml:31:13-44
251            android:theme="@android:style/Theme.Translucent.NoTitleBar" >
251-->[com.google.firebase:firebase-auth:20.0.4] AndroidManifest.xml:32:13-72
252            <intent-filter>
252-->[com.google.firebase:firebase-auth:20.0.4] AndroidManifest.xml:33:13-43:29
253                <action android:name="android.intent.action.VIEW" />
253-->[com.google.firebase:firebase-auth:20.0.4] AndroidManifest.xml:34:17-69
253-->[com.google.firebase:firebase-auth:20.0.4] AndroidManifest.xml:34:25-66
254
255                <category android:name="android.intent.category.DEFAULT" />
255-->src\main\AndroidManifest.xml:60:17-76
255-->src\main\AndroidManifest.xml:60:27-73
256                <category android:name="android.intent.category.BROWSABLE" />
256-->[com.google.firebase:firebase-auth:20.0.4] AndroidManifest.xml:37:17-78
256-->[com.google.firebase:firebase-auth:20.0.4] AndroidManifest.xml:37:27-75
257
258                <data
258-->[com.google.firebase:firebase-auth:20.0.4] AndroidManifest.xml:39:17-42:51
259                    android:host="firebase.auth"
259-->[com.google.firebase:firebase-auth:20.0.4] AndroidManifest.xml:40:21-49
260                    android:path="/"
260-->[com.google.firebase:firebase-auth:20.0.4] AndroidManifest.xml:41:21-37
261                    android:scheme="genericidp" />
261-->[com.google.firebase:firebase-auth:20.0.4] AndroidManifest.xml:42:21-48
262            </intent-filter>
263        </activity>
264        <activity
264-->[com.google.firebase:firebase-auth:20.0.4] AndroidManifest.xml:45:9-62:20
265            android:name="com.google.firebase.auth.internal.RecaptchaActivity"
265-->[com.google.firebase:firebase-auth:20.0.4] AndroidManifest.xml:46:13-79
266            android:excludeFromRecents="true"
266-->[com.google.firebase:firebase-auth:20.0.4] AndroidManifest.xml:47:13-46
267            android:exported="true"
267-->[com.google.firebase:firebase-auth:20.0.4] AndroidManifest.xml:48:13-36
268            android:launchMode="singleTask"
268-->[com.google.firebase:firebase-auth:20.0.4] AndroidManifest.xml:49:13-44
269            android:theme="@android:style/Theme.Translucent.NoTitleBar" >
269-->[com.google.firebase:firebase-auth:20.0.4] AndroidManifest.xml:50:13-72
270            <intent-filter>
270-->[com.google.firebase:firebase-auth:20.0.4] AndroidManifest.xml:51:13-61:29
271                <action android:name="android.intent.action.VIEW" />
271-->[com.google.firebase:firebase-auth:20.0.4] AndroidManifest.xml:34:17-69
271-->[com.google.firebase:firebase-auth:20.0.4] AndroidManifest.xml:34:25-66
272
273                <category android:name="android.intent.category.DEFAULT" />
273-->src\main\AndroidManifest.xml:60:17-76
273-->src\main\AndroidManifest.xml:60:27-73
274                <category android:name="android.intent.category.BROWSABLE" />
274-->[com.google.firebase:firebase-auth:20.0.4] AndroidManifest.xml:37:17-78
274-->[com.google.firebase:firebase-auth:20.0.4] AndroidManifest.xml:37:27-75
275
276                <data
276-->[com.google.firebase:firebase-auth:20.0.4] AndroidManifest.xml:39:17-42:51